0 info it worked if it ends with ok
1 verbose cli [ '/usr/local/Cellar/node/5.1.1/bin/node',
1 verbose cli   '/usr/local/bin/npm',
1 verbose cli   'start' ]
2 info using npm@3.3.12
3 info using node@v5.1.1
4 verbose run-script [ 'prestart', 'start', 'poststart' ]
5 info lifecycle css-grid@1.0.0~prestart: css-grid@1.0.0
6 silly lifecycle css-grid@1.0.0~prestart: no script for prestart, continuing
7 info lifecycle css-grid@1.0.0~start: css-grid@1.0.0
8 verbose lifecycle css-grid@1.0.0~start: unsafe-perm in lifecycle true
9 verbose lifecycle css-grid@1.0.0~start: PATH: /usr/local/lib/node_modules/npm/bin/node-gyp-bin:/Users/jason/dev/css-grid/node_modules/.bin:/Users/jason/.rvm/gems/ruby-2.2.1/bin:/Users/jason/.rvm/gems/ruby-2.2.1@global/bin:/Users/jason/.rvm/rubies/ruby-2.2.1/bin:.git/safe/../../bin:/Users/jason/.bin:/usr/local/sbin:/usr/local/bin:/usr/bin:/bin:/usr/sbin:/sbin:/Users/jason/.rvm/bin
10 verbose lifecycle css-grid@1.0.0~start: CWD: /Users/jason/dev/css-grid
11 silly lifecycle css-grid@1.0.0~start: Args: [ '-c', 'run-script-os' ]
12 info lifecycle css-grid@1.0.0~start: Failed to exec start script
13 verbose stack Error: css-grid@1.0.0 start: `run-script-os`
13 verbose stack spawn ENOENT
13 verbose stack     at ChildProcess.<anonymous> (/usr/local/lib/node_modules/npm/lib/utils/spawn.js:17:16)
13 verbose stack     at emitTwo (events.js:87:13)
13 verbose stack     at ChildProcess.emit (events.js:172:7)
13 verbose stack     at maybeClose (internal/child_process.js:818:16)
13 verbose stack     at Process.ChildProcess._handle.onexit (internal/child_process.js:211:5)
14 verbose pkgid css-grid@1.0.0
15 verbose cwd /Users/jason/dev/css-grid
16 error Darwin 17.3.0
17 error argv "/usr/local/Cellar/node/5.1.1/bin/node" "/usr/local/bin/npm" "start"
18 error node v5.1.1
19 error npm  v3.3.12
20 error file sh
21 error code ELIFECYCLE
22 error errno ENOENT
23 error syscall spawn
24 error css-grid@1.0.0 start: `run-script-os`
24 error spawn ENOENT
25 error Failed at the css-grid@1.0.0 start script 'run-script-os'.
25 error Make sure you have the latest version of node.js and npm installed.
25 error If you do, this is most likely a problem with the css-grid package,
25 error not with npm itself.
25 error Tell the author that this fails on your system:
25 error     run-script-os
25 error You can get their info via:
25 error     npm owner ls css-grid
25 error There is likely additional logging output above.
26 verbose exit [ 1, true ]
